2024-08-08 21:27:47 - INFO - Successfully saved data to /Users/dougstrouth/Documents/Code/datasets/sports/NFL/raw_data/play_by_play/play_by_play/play_by_play__2010.csv.
2024-08-08 21:27:53 - INFO - Successfully saved data to /Users/dougstrouth/Documents/Code/datasets/sports/NFL/raw_data/play_by_play/play_by_play/play_by_play__2011.csv.
2024-08-08 21:27:58 - INFO - Successfully saved data to /Users/dougstrouth/Documents/Code/datasets/sports/NFL/raw_data/play_by_play/play_by_play/play_by_play__2012.csv.
2024-08-08 21:28:04 - INFO - Successfully saved data to /Users/dougstrouth/Documents/Code/datasets/sports/NFL/raw_data/play_by_play/play_by_play/play_by_play__2013.csv.
2024-08-08 21:28:09 - INFO - Successfully saved data to /Users/dougstrouth/Documents/Code/datasets/sports/NFL/raw_data/play_by_play/play_by_play/play_by_play__2014.csv.
2024-08-08 21:28:15 - INFO - Successfully saved data to /Users/dougstrouth/Documents/Code/datasets/sports/NFL/raw_data/play_by_play/play_by_play/play_by_play__2015.csv.
2024-08-08 21:28:22 - INFO - Successfully saved data to /Users/dougstrouth/Documents/Code/datasets/sports/NFL/raw_data/play_by_play/play_by_play/play_by_play__2016.csv.
2024-08-08 21:28:28 - INFO - Successfully saved data to /Users/dougstrouth/Documents/Code/datasets/sports/NFL/raw_data/play_by_play/play_by_play/play_by_play__2017.csv.
2024-08-08 21:28:35 - INFO - Successfully saved data to /Users/dougstrouth/Documents/Code/datasets/sports/NFL/raw_data/play_by_play/play_by_play/play_by_play__2018.csv.
2024-08-08 21:28:44 - INFO - Successfully saved data to /Users/dougstrouth/Documents/Code/datasets/sports/NFL/raw_data/play_by_play/play_by_play/play_by_play__2019.csv.
2024-08-08 21:28:51 - INFO - Successfully saved data to /Users/dougstrouth/Documents/Code/datasets/sports/NFL/raw_data/play_by_play/play_by_play/play_by_play__2020.csv.
2024-08-08 21:28:58 - INFO - Successfully saved data to /Users/dougstrouth/Documents/Code/datasets/sports/NFL/raw_data/play_by_play/play_by_play/play_by_play__2021.csv.
2024-08-08 21:29:06 - INFO - Successfully saved data to /Users/dougstrouth/Documents/Code/datasets/sports/NFL/raw_data/play_by_play/play_by_play/play_by_play__2022.csv.
2024-08-08 21:29:13 - INFO - Successfully saved data to /Users/dougstrouth/Documents/Code/datasets/sports/NFL/raw_data/play_by_play/play_by_play/play_by_play__2023.csv.
2024-08-08 21:29:13 - ERROR - Failed to fetch or save seasonal PFR data for s_type pass: Data not available before 2018.
2024-08-08 21:29:13 - ERROR - Failed to fetch or save seasonal PFR data for s_type rec: Data not available before 2018.
2024-08-08 21:29:13 - ERROR - Failed to fetch or save seasonal PFR data for s_type rush: Data not available before 2018.
2024-08-08 21:29:13 - ERROR - Failed to fetch or save weekly PFR data for s_type pass: Data not available before 2018.
2024-08-08 21:29:13 - ERROR - Failed to fetch or save weekly PFR data for s_type rec: Data not available before 2018.
2024-08-08 21:29:13 - ERROR - Failed to fetch or save weekly PFR data for s_type rush: Data not available before 2018.
2024-08-08 21:29:14 - INFO - Successfully saved data to /Users/dougstrouth/Documents/Code/datasets/sports/NFL/raw_data/play_by_play/depth_charts/depth_charts__2002.csv.
2024-08-08 21:29:14 - INFO - Successfully saved data to /Users/dougstrouth/Documents/Code/datasets/sports/NFL/raw_data/play_by_play/depth_charts/depth_charts__2003.csv.
2024-08-08 21:29:15 - INFO - Successfully saved data to /Users/dougstrouth/Documents/Code/datasets/sports/NFL/raw_data/play_by_play/depth_charts/depth_charts__2004.csv.
2024-08-08 21:29:16 - INFO - Successfully saved data to /Users/dougstrouth/Documents/Code/datasets/sports/NFL/raw_data/play_by_play/depth_charts/depth_charts__2005.csv.
2024-08-08 21:29:17 - INFO - Successfully saved data to /Users/dougstrouth/Documents/Code/datasets/sports/NFL/raw_data/play_by_play/depth_charts/depth_charts__2006.csv.
2024-08-08 21:29:18 - INFO - Successfully saved data to /Users/dougstrouth/Documents/Code/datasets/sports/NFL/raw_data/play_by_play/depth_charts/depth_charts__2007.csv.
2024-08-08 21:29:18 - INFO - Successfully saved data to /Users/dougstrouth/Documents/Code/datasets/sports/NFL/raw_data/play_by_play/depth_charts/depth_charts__2008.csv.
2024-08-08 21:29:19 - INFO - Successfully saved data to /Users/dougstrouth/Documents/Code/datasets/sports/NFL/raw_data/play_by_play/depth_charts/depth_charts__2009.csv.
2024-08-08 21:29:20 - INFO - Successfully saved data to /Users/dougstrouth/Documents/Code/datasets/sports/NFL/raw_data/play_by_play/depth_charts/depth_charts__2010.csv.
2024-08-08 21:29:21 - INFO - Successfully saved data to /Users/dougstrouth/Documents/Code/datasets/sports/NFL/raw_data/play_by_play/depth_charts/depth_charts__2011.csv.
2024-08-08 21:29:22 - INFO - Successfully saved data to /Users/dougstrouth/Documents/Code/datasets/sports/NFL/raw_data/play_by_play/depth_charts/depth_charts__2012.csv.
2024-08-08 21:29:23 - INFO - Successfully saved data to /Users/dougstrouth/Documents/Code/datasets/sports/NFL/raw_data/play_by_play/depth_charts/depth_charts__2013.csv.
2024-08-08 21:29:23 - INFO - Successfully saved data to /Users/dougstrouth/Documents/Code/datasets/sports/NFL/raw_data/play_by_play/depth_charts/depth_charts__2014.csv.
2024-08-08 21:29:24 - INFO - Successfully saved data to /Users/dougstrouth/Documents/Code/datasets/sports/NFL/raw_data/play_by_play/depth_charts/depth_charts__2015.csv.
2024-08-08 21:29:25 - INFO - Successfully saved data to /Users/dougstrouth/Documents/Code/datasets/sports/NFL/raw_data/play_by_play/depth_charts/depth_charts__2016.csv.
2024-08-08 21:29:26 - INFO - Successfully saved data to /Users/dougstrouth/Documents/Code/datasets/sports/NFL/raw_data/play_by_play/depth_charts/depth_charts__2017.csv.
2024-08-08 21:29:27 - INFO - Successfully saved data to /Users/dougstrouth/Documents/Code/datasets/sports/NFL/raw_data/play_by_play/depth_charts/depth_charts__2018.csv.
2024-08-08 21:29:28 - INFO - Successfully saved data to /Users/dougstrouth/Documents/Code/datasets/sports/NFL/raw_data/play_by_play/depth_charts/depth_charts__2019.csv.
2024-08-08 21:29:28 - INFO - Successfully saved data to /Users/dougstrouth/Documents/Code/datasets/sports/NFL/raw_data/play_by_play/depth_charts/depth_charts__2020.csv.
2024-08-08 21:29:29 - INFO - Successfully saved data to /Users/dougstrouth/Documents/Code/datasets/sports/NFL/raw_data/play_by_play/depth_charts/depth_charts__2021.csv.
2024-08-08 21:29:30 - INFO - Successfully saved data to /Users/dougstrouth/Documents/Code/datasets/sports/NFL/raw_data/play_by_play/depth_charts/depth_charts__2022.csv.
2024-08-08 21:29:31 - INFO - Successfully saved data to /Users/dougstrouth/Documents/Code/datasets/sports/NFL/raw_data/play_by_play/depth_charts/depth_charts__2023.csv.
2024-08-08 21:29:31 - INFO - Successfully saved data to /Users/dougstrouth/Documents/Code/datasets/sports/NFL/raw_data/play_by_play/injuries/injuries__2010.csv.
2024-08-08 21:29:32 - INFO - Successfully saved data to /Users/dougstrouth/Documents/Code/datasets/sports/NFL/raw_data/play_by_play/injuries/injuries__2011.csv.
2024-08-08 21:29:33 - INFO - Successfully saved data to /Users/dougstrouth/Documents/Code/datasets/sports/NFL/raw_data/play_by_play/injuries/injuries__2012.csv.
2024-08-08 21:29:33 - INFO - Successfully saved data to /Users/dougstrouth/Documents/Code/datasets/sports/NFL/raw_data/play_by_play/injuries/injuries__2013.csv.
2024-08-08 21:29:34 - INFO - Successfully saved data to /Users/dougstrouth/Documents/Code/datasets/sports/NFL/raw_data/play_by_play/injuries/injuries__2014.csv.
2024-08-08 21:29:35 - INFO - Successfully saved data to /Users/dougstrouth/Documents/Code/datasets/sports/NFL/raw_data/play_by_play/injuries/injuries__2015.csv.
2024-08-08 21:29:35 - INFO - Successfully saved data to /Users/dougstrouth/Documents/Code/datasets/sports/NFL/raw_data/play_by_play/injuries/injuries__2016.csv.
2024-08-08 21:29:36 - INFO - Successfully saved data to /Users/dougstrouth/Documents/Code/datasets/sports/NFL/raw_data/play_by_play/injuries/injuries__2017.csv.
2024-08-08 21:29:37 - INFO - Successfully saved data to /Users/dougstrouth/Documents/Code/datasets/sports/NFL/raw_data/play_by_play/injuries/injuries__2018.csv.
2024-08-08 21:29:38 - INFO - Successfully saved data to /Users/dougstrouth/Documents/Code/datasets/sports/NFL/raw_data/play_by_play/injuries/injuries__2019.csv.
2024-08-08 21:29:38 - INFO - Successfully saved data to /Users/dougstrouth/Documents/Code/datasets/sports/NFL/raw_data/play_by_play/injuries/injuries__2020.csv.
2024-08-08 21:29:39 - INFO - Successfully saved data to /Users/dougstrouth/Documents/Code/datasets/sports/NFL/raw_data/play_by_play/injuries/injuries__2021.csv.
2024-08-08 21:29:39 - INFO - Successfully saved data to /Users/dougstrouth/Documents/Code/datasets/sports/NFL/raw_data/play_by_play/injuries/injuries__2022.csv.
2024-08-08 21:29:40 - INFO - Successfully saved data to /Users/dougstrouth/Documents/Code/datasets/sports/NFL/raw_data/play_by_play/injuries/injuries__2023.csv.
2024-08-08 21:29:41 - INFO - Successfully saved data to /Users/dougstrouth/Documents/Code/datasets/sports/NFL/raw_data/play_by_play/qbr/qbr__2007.csv.
2024-08-08 21:29:41 - INFO - Successfully saved data to /Users/dougstrouth/Documents/Code/datasets/sports/NFL/raw_data/play_by_play/qbr/qbr__2008.csv.
2024-08-08 21:29:41 - INFO - Successfully saved data to /Users/dougstrouth/Documents/Code/datasets/sports/NFL/raw_data/play_by_play/qbr/qbr__2009.csv.
2024-08-08 21:29:41 - INFO - Successfully saved data to /Users/dougstrouth/Documents/Code/datasets/sports/NFL/raw_data/play_by_play/qbr/qbr__2010.csv.
2024-08-08 21:29:41 - INFO - Successfully saved data to /Users/dougstrouth/Documents/Code/datasets/sports/NFL/raw_data/play_by_play/qbr/qbr__2011.csv.
2024-08-08 21:29:42 - INFO - Successfully saved data to /Users/dougstrouth/Documents/Code/datasets/sports/NFL/raw_data/play_by_play/qbr/qbr__2012.csv.
2024-08-08 21:29:42 - INFO - Successfully saved data to /Users/dougstrouth/Documents/Code/datasets/sports/NFL/raw_data/play_by_play/qbr/qbr__2013.csv.
2024-08-08 21:29:42 - INFO - Successfully saved data to /Users/dougstrouth/Documents/Code/datasets/sports/NFL/raw_data/play_by_play/qbr/qbr__2014.csv.
2024-08-08 21:29:42 - INFO - Successfully saved data to /Users/dougstrouth/Documents/Code/datasets/sports/NFL/raw_data/play_by_play/qbr/qbr__2015.csv.
2024-08-08 21:29:42 - INFO - Successfully saved data to /Users/dougstrouth/Documents/Code/datasets/sports/NFL/raw_data/play_by_play/qbr/qbr__2016.csv.
2024-08-08 21:29:42 - INFO - Successfully saved data to /Users/dougstrouth/Documents/Code/datasets/sports/NFL/raw_data/play_by_play/qbr/qbr__2017.csv.
2024-08-08 21:29:43 - INFO - Successfully saved data to /Users/dougstrouth/Documents/Code/datasets/sports/NFL/raw_data/play_by_play/qbr/qbr__2018.csv.
2024-08-08 21:29:43 - INFO - Successfully saved data to /Users/dougstrouth/Documents/Code/datasets/sports/NFL/raw_data/play_by_play/qbr/qbr__2019.csv.
2024-08-08 21:29:43 - INFO - Successfully saved data to /Users/dougstrouth/Documents/Code/datasets/sports/NFL/raw_data/play_by_play/qbr/qbr__2020.csv.
2024-08-08 21:29:43 - INFO - Successfully saved data to /Users/dougstrouth/Documents/Code/datasets/sports/NFL/raw_data/play_by_play/qbr/qbr__2021.csv.
2024-08-08 21:29:43 - INFO - Successfully saved data to /Users/dougstrouth/Documents/Code/datasets/sports/NFL/raw_data/play_by_play/qbr/qbr__2022.csv.
2024-08-08 21:29:43 - INFO - Successfully saved data to /Users/dougstrouth/Documents/Code/datasets/sports/NFL/raw_data/play_by_play/qbr/qbr__2023.csv.
2024-08-08 21:29:45 - INFO - Successfully saved data to /Users/dougstrouth/Documents/Code/datasets/sports/NFL/raw_data/play_by_play/ftn_data/ftn_data__2023.csv.
2024-08-08 21:29:45 - INFO - Successfully saved data to /Users/dougstrouth/Documents/Code/datasets/sports/NFL/raw_data/play_by_play/ids_data/ids_data.csv.
2024-08-08 21:29:46 - INFO - Successfully saved data to /Users/dougstrouth/Documents/Code/datasets/sports/NFL/raw_data/play_by_play/team_descriptions/team_descriptions.csv.
2024-08-08 21:36:49 - INFO - Successfully saved data to /Users/dougstrouth/Documents/Code/datasets/sports/NFL/raw_data/play_by_play/play_by_play/play_by_play__2010.csv.
2024-08-08 21:36:55 - INFO - Successfully saved data to /Users/dougstrouth/Documents/Code/datasets/sports/NFL/raw_data/play_by_play/play_by_play/play_by_play__2011.csv.
2024-08-08 21:37:02 - INFO - Successfully saved data to /Users/dougstrouth/Documents/Code/datasets/sports/NFL/raw_data/play_by_play/play_by_play/play_by_play__2012.csv.
2024-08-08 21:37:08 - INFO - Successfully saved data to /Users/dougstrouth/Documents/Code/datasets/sports/NFL/raw_data/play_by_play/play_by_play/play_by_play__2013.csv.
2024-08-08 21:37:14 - INFO - Successfully saved data to /Users/dougstrouth/Documents/Code/datasets/sports/NFL/raw_data/play_by_play/play_by_play/play_by_play__2014.csv.
2024-08-08 21:37:21 - INFO - Successfully saved data to /Users/dougstrouth/Documents/Code/datasets/sports/NFL/raw_data/play_by_play/play_by_play/play_by_play__2015.csv.
2024-08-08 21:37:29 - INFO - Successfully saved data to /Users/dougstrouth/Documents/Code/datasets/sports/NFL/raw_data/play_by_play/play_by_play/play_by_play__2016.csv.
2024-08-08 21:37:37 - INFO - Successfully saved data to /Users/dougstrouth/Documents/Code/datasets/sports/NFL/raw_data/play_by_play/play_by_play/play_by_play__2017.csv.
