2024-08-09 16:21:44 - ERROR - ValueError occurred: cannot reindex on an axis with duplicate labels
2024-08-09 16:21:50 - INFO - Successfully saved data to /Users/dougstrouth/Documents/Code/datasets/sports/NFL/raw_data/play_by_play/play_by_play/play_by_play__2010.csv.
2024-08-09 16:21:57 - INFO - Successfully saved data to /Users/dougstrouth/Documents/Code/datasets/sports/NFL/raw_data/play_by_play/play_by_play/play_by_play__2011.csv.
2024-08-09 16:22:03 - INFO - Successfully saved data to /Users/dougstrouth/Documents/Code/datasets/sports/NFL/raw_data/play_by_play/play_by_play/play_by_play__2012.csv.
2024-08-09 16:22:09 - INFO - Successfully saved data to /Users/dougstrouth/Documents/Code/datasets/sports/NFL/raw_data/play_by_play/play_by_play/play_by_play__2013.csv.
2024-08-09 16:22:15 - INFO - Successfully saved data to /Users/dougstrouth/Documents/Code/datasets/sports/NFL/raw_data/play_by_play/play_by_play/play_by_play__2014.csv.
2024-08-09 16:22:22 - INFO - Successfully saved data to /Users/dougstrouth/Documents/Code/datasets/sports/NFL/raw_data/play_by_play/play_by_play/play_by_play__2015.csv.
2024-08-09 16:22:29 - INFO - Successfully saved data to /Users/dougstrouth/Documents/Code/datasets/sports/NFL/raw_data/play_by_play/play_by_play/play_by_play__2016.csv.
2024-08-09 16:22:38 - INFO - Successfully saved data to /Users/dougstrouth/Documents/Code/datasets/sports/NFL/raw_data/play_by_play/play_by_play/play_by_play__2017.csv.
2024-08-09 16:22:45 - INFO - Successfully saved data to /Users/dougstrouth/Documents/Code/datasets/sports/NFL/raw_data/play_by_play/play_by_play/play_by_play__2018.csv.
2024-08-09 16:22:53 - INFO - Successfully saved data to /Users/dougstrouth/Documents/Code/datasets/sports/NFL/raw_data/play_by_play/play_by_play/play_by_play__2019.csv.
2024-08-09 16:23:02 - INFO - Successfully saved data to /Users/dougstrouth/Documents/Code/datasets/sports/NFL/raw_data/play_by_play/play_by_play/play_by_play__2020.csv.
2024-08-09 16:23:10 - INFO - Successfully saved data to /Users/dougstrouth/Documents/Code/datasets/sports/NFL/raw_data/play_by_play/play_by_play/play_by_play__2021.csv.
2024-08-09 16:23:18 - INFO - Successfully saved data to /Users/dougstrouth/Documents/Code/datasets/sports/NFL/raw_data/play_by_play/play_by_play/play_by_play__2022.csv.
2024-08-09 16:23:27 - INFO - Successfully saved data to /Users/dougstrouth/Documents/Code/datasets/sports/NFL/raw_data/play_by_play/play_by_play/play_by_play__2023.csv.
2024-08-09 16:23:28 - INFO - Successfully saved data to /Users/dougstrouth/Documents/Code/datasets/sports/NFL/raw_data/play_by_play/seasonal_pfr/seasonal_pfr__pass.csv.
2024-08-09 16:23:28 - INFO - Successfully saved data to /Users/dougstrouth/Documents/Code/datasets/sports/NFL/raw_data/play_by_play/seasonal_pfr/seasonal_pfr__rec.csv.
2024-08-09 16:23:29 - INFO - Successfully saved data to /Users/dougstrouth/Documents/Code/datasets/sports/NFL/raw_data/play_by_play/seasonal_pfr/seasonal_pfr__rush.csv.
2024-08-09 16:23:33 - INFO - Successfully saved data to /Users/dougstrouth/Documents/Code/datasets/sports/NFL/raw_data/play_by_play/weekly_pfr/weekly_pfr__pass.csv.
2024-08-09 16:23:37 - INFO - Successfully saved data to /Users/dougstrouth/Documents/Code/datasets/sports/NFL/raw_data/play_by_play/weekly_pfr/weekly_pfr__rec.csv.
2024-08-09 16:23:40 - INFO - Successfully saved data to /Users/dougstrouth/Documents/Code/datasets/sports/NFL/raw_data/play_by_play/weekly_pfr/weekly_pfr__rush.csv.
2024-08-09 16:23:41 - INFO - Successfully saved data to /Users/dougstrouth/Documents/Code/datasets/sports/NFL/raw_data/play_by_play/depth_charts/depth_charts__2002.csv.
2024-08-09 16:23:42 - INFO - Successfully saved data to /Users/dougstrouth/Documents/Code/datasets/sports/NFL/raw_data/play_by_play/depth_charts/depth_charts__2003.csv.
2024-08-09 16:23:43 - INFO - Successfully saved data to /Users/dougstrouth/Documents/Code/datasets/sports/NFL/raw_data/play_by_play/depth_charts/depth_charts__2004.csv.
2024-08-09 16:23:43 - INFO - Successfully saved data to /Users/dougstrouth/Documents/Code/datasets/sports/NFL/raw_data/play_by_play/depth_charts/depth_charts__2005.csv.
2024-08-09 16:23:44 - INFO - Successfully saved data to /Users/dougstrouth/Documents/Code/datasets/sports/NFL/raw_data/play_by_play/depth_charts/depth_charts__2006.csv.
2024-08-09 16:23:45 - INFO - Successfully saved data to /Users/dougstrouth/Documents/Code/datasets/sports/NFL/raw_data/play_by_play/depth_charts/depth_charts__2007.csv.
2024-08-09 16:23:46 - INFO - Successfully saved data to /Users/dougstrouth/Documents/Code/datasets/sports/NFL/raw_data/play_by_play/depth_charts/depth_charts__2008.csv.
2024-08-09 16:23:46 - INFO - Successfully saved data to /Users/dougstrouth/Documents/Code/datasets/sports/NFL/raw_data/play_by_play/depth_charts/depth_charts__2009.csv.
2024-08-09 16:23:47 - INFO - Successfully saved data to /Users/dougstrouth/Documents/Code/datasets/sports/NFL/raw_data/play_by_play/depth_charts/depth_charts__2010.csv.
2024-08-09 16:23:48 - INFO - Successfully saved data to /Users/dougstrouth/Documents/Code/datasets/sports/NFL/raw_data/play_by_play/depth_charts/depth_charts__2011.csv.
2024-08-09 16:23:49 - INFO - Successfully saved data to /Users/dougstrouth/Documents/Code/datasets/sports/NFL/raw_data/play_by_play/depth_charts/depth_charts__2012.csv.
2024-08-09 16:23:50 - INFO - Successfully saved data to /Users/dougstrouth/Documents/Code/datasets/sports/NFL/raw_data/play_by_play/depth_charts/depth_charts__2013.csv.
2024-08-09 16:23:50 - INFO - Successfully saved data to /Users/dougstrouth/Documents/Code/datasets/sports/NFL/raw_data/play_by_play/depth_charts/depth_charts__2014.csv.
2024-08-09 16:23:51 - INFO - Successfully saved data to /Users/dougstrouth/Documents/Code/datasets/sports/NFL/raw_data/play_by_play/depth_charts/depth_charts__2015.csv.
2024-08-09 16:23:52 - INFO - Successfully saved data to /Users/dougstrouth/Documents/Code/datasets/sports/NFL/raw_data/play_by_play/depth_charts/depth_charts__2016.csv.
2024-08-09 16:23:52 - INFO - Successfully saved data to /Users/dougstrouth/Documents/Code/datasets/sports/NFL/raw_data/play_by_play/depth_charts/depth_charts__2017.csv.
2024-08-09 16:23:53 - INFO - Successfully saved data to /Users/dougstrouth/Documents/Code/datasets/sports/NFL/raw_data/play_by_play/depth_charts/depth_charts__2018.csv.
2024-08-09 16:23:54 - INFO - Successfully saved data to /Users/dougstrouth/Documents/Code/datasets/sports/NFL/raw_data/play_by_play/depth_charts/depth_charts__2019.csv.
2024-08-09 16:23:55 - INFO - Successfully saved data to /Users/dougstrouth/Documents/Code/datasets/sports/NFL/raw_data/play_by_play/depth_charts/depth_charts__2020.csv.
2024-08-09 16:23:56 - INFO - Successfully saved data to /Users/dougstrouth/Documents/Code/datasets/sports/NFL/raw_data/play_by_play/depth_charts/depth_charts__2021.csv.
2024-08-09 16:23:57 - INFO - Successfully saved data to /Users/dougstrouth/Documents/Code/datasets/sports/NFL/raw_data/play_by_play/depth_charts/depth_charts__2022.csv.
2024-08-09 16:23:58 - INFO - Successfully saved data to /Users/dougstrouth/Documents/Code/datasets/sports/NFL/raw_data/play_by_play/depth_charts/depth_charts__2023.csv.
2024-08-09 16:23:59 - INFO - Successfully saved data to /Users/dougstrouth/Documents/Code/datasets/sports/NFL/raw_data/play_by_play/injuries/injuries__2010.csv.
2024-08-09 16:23:59 - INFO - Successfully saved data to /Users/dougstrouth/Documents/Code/datasets/sports/NFL/raw_data/play_by_play/injuries/injuries__2011.csv.
2024-08-09 16:24:00 - INFO - Successfully saved data to /Users/dougstrouth/Documents/Code/datasets/sports/NFL/raw_data/play_by_play/injuries/injuries__2012.csv.
2024-08-09 16:24:01 - INFO - Successfully saved data to /Users/dougstrouth/Documents/Code/datasets/sports/NFL/raw_data/play_by_play/injuries/injuries__2013.csv.
2024-08-09 16:24:01 - INFO - Successfully saved data to /Users/dougstrouth/Documents/Code/datasets/sports/NFL/raw_data/play_by_play/injuries/injuries__2014.csv.
2024-08-09 16:24:02 - INFO - Successfully saved data to /Users/dougstrouth/Documents/Code/datasets/sports/NFL/raw_data/play_by_play/injuries/injuries__2015.csv.
2024-08-09 16:24:03 - INFO - Successfully saved data to /Users/dougstrouth/Documents/Code/datasets/sports/NFL/raw_data/play_by_play/injuries/injuries__2016.csv.
2024-08-09 16:24:03 - INFO - Successfully saved data to /Users/dougstrouth/Documents/Code/datasets/sports/NFL/raw_data/play_by_play/injuries/injuries__2017.csv.
2024-08-09 16:24:04 - INFO - Successfully saved data to /Users/dougstrouth/Documents/Code/datasets/sports/NFL/raw_data/play_by_play/injuries/injuries__2018.csv.
2024-08-09 16:24:05 - INFO - Successfully saved data to /Users/dougstrouth/Documents/Code/datasets/sports/NFL/raw_data/play_by_play/injuries/injuries__2019.csv.
2024-08-09 16:24:06 - INFO - Successfully saved data to /Users/dougstrouth/Documents/Code/datasets/sports/NFL/raw_data/play_by_play/injuries/injuries__2020.csv.
2024-08-09 16:24:06 - INFO - Successfully saved data to /Users/dougstrouth/Documents/Code/datasets/sports/NFL/raw_data/play_by_play/injuries/injuries__2021.csv.
2024-08-09 16:24:07 - INFO - Successfully saved data to /Users/dougstrouth/Documents/Code/datasets/sports/NFL/raw_data/play_by_play/injuries/injuries__2022.csv.
2024-08-09 16:24:08 - INFO - Successfully saved data to /Users/dougstrouth/Documents/Code/datasets/sports/NFL/raw_data/play_by_play/injuries/injuries__2023.csv.
2024-08-09 16:24:08 - INFO - Successfully saved data to /Users/dougstrouth/Documents/Code/datasets/sports/NFL/raw_data/play_by_play/qbr/qbr__2007.csv.
2024-08-09 16:24:08 - INFO - Successfully saved data to /Users/dougstrouth/Documents/Code/datasets/sports/NFL/raw_data/play_by_play/qbr/qbr__2008.csv.
2024-08-09 16:24:09 - INFO - Successfully saved data to /Users/dougstrouth/Documents/Code/datasets/sports/NFL/raw_data/play_by_play/qbr/qbr__2009.csv.
2024-08-09 16:24:09 - INFO - Successfully saved data to /Users/dougstrouth/Documents/Code/datasets/sports/NFL/raw_data/play_by_play/qbr/qbr__2010.csv.
2024-08-09 16:24:09 - INFO - Successfully saved data to /Users/dougstrouth/Documents/Code/datasets/sports/NFL/raw_data/play_by_play/qbr/qbr__2011.csv.
2024-08-09 16:24:09 - INFO - Successfully saved data to /Users/dougstrouth/Documents/Code/datasets/sports/NFL/raw_data/play_by_play/qbr/qbr__2012.csv.
2024-08-09 16:24:09 - INFO - Successfully saved data to /Users/dougstrouth/Documents/Code/datasets/sports/NFL/raw_data/play_by_play/qbr/qbr__2013.csv.
2024-08-09 16:24:09 - INFO - Successfully saved data to /Users/dougstrouth/Documents/Code/datasets/sports/NFL/raw_data/play_by_play/qbr/qbr__2014.csv.
2024-08-09 16:24:10 - INFO - Successfully saved data to /Users/dougstrouth/Documents/Code/datasets/sports/NFL/raw_data/play_by_play/qbr/qbr__2015.csv.
2024-08-09 16:24:10 - INFO - Successfully saved data to /Users/dougstrouth/Documents/Code/datasets/sports/NFL/raw_data/play_by_play/qbr/qbr__2016.csv.
2024-08-09 16:24:10 - INFO - Successfully saved data to /Users/dougstrouth/Documents/Code/datasets/sports/NFL/raw_data/play_by_play/qbr/qbr__2017.csv.
2024-08-09 16:24:10 - INFO - Successfully saved data to /Users/dougstrouth/Documents/Code/datasets/sports/NFL/raw_data/play_by_play/qbr/qbr__2018.csv.
2024-08-09 16:24:10 - INFO - Successfully saved data to /Users/dougstrouth/Documents/Code/datasets/sports/NFL/raw_data/play_by_play/qbr/qbr__2019.csv.
2024-08-09 16:24:10 - INFO - Successfully saved data to /Users/dougstrouth/Documents/Code/datasets/sports/NFL/raw_data/play_by_play/qbr/qbr__2020.csv.
2024-08-09 16:24:11 - INFO - Successfully saved data to /Users/dougstrouth/Documents/Code/datasets/sports/NFL/raw_data/play_by_play/qbr/qbr__2021.csv.
2024-08-09 16:24:11 - INFO - Successfully saved data to /Users/dougstrouth/Documents/Code/datasets/sports/NFL/raw_data/play_by_play/qbr/qbr__2022.csv.
2024-08-09 16:24:11 - INFO - Successfully saved data to /Users/dougstrouth/Documents/Code/datasets/sports/NFL/raw_data/play_by_play/qbr/qbr__2023.csv.
2024-08-09 16:24:12 - INFO - Successfully saved data to /Users/dougstrouth/Documents/Code/datasets/sports/NFL/raw_data/play_by_play/ftn_data/ftn_data__2023.csv.
2024-08-09 16:24:13 - INFO - Successfully saved data to /Users/dougstrouth/Documents/Code/datasets/sports/NFL/raw_data/play_by_play/ids_data/ids_data.csv.
2024-08-09 16:24:14 - INFO - Successfully saved data to /Users/dougstrouth/Documents/Code/datasets/sports/NFL/raw_data/play_by_play/team_descriptions/team_descriptions.csv.
2024-08-09 16:32:17 - ERROR - ValueError occurred: cannot reindex on an axis with duplicate labels
2024-08-09 16:32:17 - INFO - Successfully saved data to /Users/dougstrouth/Documents/Code/datasets/sports/NFL/raw_data/play_by_play/depth_charts/depth_charts__2002.csv.
2024-08-09 16:32:18 - INFO - Successfully saved data to /Users/dougstrouth/Documents/Code/datasets/sports/NFL/raw_data/play_by_play/depth_charts/depth_charts__2003.csv.
2024-08-09 16:32:19 - INFO - Successfully saved data to /Users/dougstrouth/Documents/Code/datasets/sports/NFL/raw_data/play_by_play/depth_charts/depth_charts__2004.csv.
2024-08-09 16:32:20 - INFO - Successfully saved data to /Users/dougstrouth/Documents/Code/datasets/sports/NFL/raw_data/play_by_play/depth_charts/depth_charts__2005.csv.
2024-08-09 16:32:20 - INFO - Successfully saved data to /Users/dougstrouth/Documents/Code/datasets/sports/NFL/raw_data/play_by_play/depth_charts/depth_charts__2006.csv.
2024-08-09 16:32:21 - INFO - Successfully saved data to /Users/dougstrouth/Documents/Code/datasets/sports/NFL/raw_data/play_by_play/depth_charts/depth_charts__2007.csv.
2024-08-09 16:32:22 - INFO - Successfully saved data to /Users/dougstrouth/Documents/Code/datasets/sports/NFL/raw_data/play_by_play/depth_charts/depth_charts__2008.csv.
2024-08-09 16:32:23 - INFO - Successfully saved data to /Users/dougstrouth/Documents/Code/datasets/sports/NFL/raw_data/play_by_play/depth_charts/depth_charts__2009.csv.
2024-08-09 16:32:23 - INFO - Successfully saved data to /Users/dougstrouth/Documents/Code/datasets/sports/NFL/raw_data/play_by_play/depth_charts/depth_charts__2010.csv.
2024-08-09 16:32:24 - INFO - Successfully saved data to /Users/dougstrouth/Documents/Code/datasets/sports/NFL/raw_data/play_by_play/depth_charts/depth_charts__2011.csv.
2024-08-09 16:32:25 - INFO - Successfully saved data to /Users/dougstrouth/Documents/Code/datasets/sports/NFL/raw_data/play_by_play/depth_charts/depth_charts__2012.csv.
2024-08-09 16:32:26 - INFO - Successfully saved data to /Users/dougstrouth/Documents/Code/datasets/sports/NFL/raw_data/play_by_play/depth_charts/depth_charts__2013.csv.
2024-08-09 16:32:27 - INFO - Successfully saved data to /Users/dougstrouth/Documents/Code/datasets/sports/NFL/raw_data/play_by_play/depth_charts/depth_charts__2014.csv.
2024-08-09 16:32:27 - INFO - Successfully saved data to /Users/dougstrouth/Documents/Code/datasets/sports/NFL/raw_data/play_by_play/depth_charts/depth_charts__2015.csv.
2024-08-09 16:32:28 - INFO - Successfully saved data to /Users/dougstrouth/Documents/Code/datasets/sports/NFL/raw_data/play_by_play/depth_charts/depth_charts__2016.csv.
2024-08-09 16:32:29 - INFO - Successfully saved data to /Users/dougstrouth/Documents/Code/datasets/sports/NFL/raw_data/play_by_play/depth_charts/depth_charts__2017.csv.
2024-08-09 16:32:30 - INFO - Successfully saved data to /Users/dougstrouth/Documents/Code/datasets/sports/NFL/raw_data/play_by_play/depth_charts/depth_charts__2018.csv.
2024-08-09 16:32:31 - INFO - Successfully saved data to /Users/dougstrouth/Documents/Code/datasets/sports/NFL/raw_data/play_by_play/depth_charts/depth_charts__2019.csv.
2024-08-09 16:32:31 - INFO - Successfully saved data to /Users/dougstrouth/Documents/Code/datasets/sports/NFL/raw_data/play_by_play/depth_charts/depth_charts__2020.csv.
2024-08-09 16:32:32 - INFO - Successfully saved data to /Users/dougstrouth/Documents/Code/datasets/sports/NFL/raw_data/play_by_play/depth_charts/depth_charts__2021.csv.
2024-08-09 16:32:33 - INFO - Successfully saved data to /Users/dougstrouth/Documents/Code/datasets/sports/NFL/raw_data/play_by_play/depth_charts/depth_charts__2022.csv.
2024-08-09 16:32:34 - INFO - Successfully saved data to /Users/dougstrouth/Documents/Code/datasets/sports/NFL/raw_data/play_by_play/depth_charts/depth_charts__2023.csv.
2024-08-09 16:32:34 - INFO - Successfully saved data to /Users/dougstrouth/Documents/Code/datasets/sports/NFL/raw_data/play_by_play/injuries/injuries__2010.csv.
2024-08-09 16:32:35 - INFO - Successfully saved data to /Users/dougstrouth/Documents/Code/datasets/sports/NFL/raw_data/play_by_play/injuries/injuries__2011.csv.
2024-08-09 16:32:36 - INFO - Successfully saved data to /Users/dougstrouth/Documents/Code/datasets/sports/NFL/raw_data/play_by_play/injuries/injuries__2012.csv.
2024-08-09 16:32:36 - INFO - Successfully saved data to /Users/dougstrouth/Documents/Code/datasets/sports/NFL/raw_data/play_by_play/injuries/injuries__2013.csv.
2024-08-09 16:32:37 - INFO - Successfully saved data to /Users/dougstrouth/Documents/Code/datasets/sports/NFL/raw_data/play_by_play/injuries/injuries__2014.csv.
2024-08-09 16:32:38 - INFO - Successfully saved data to /Users/dougstrouth/Documents/Code/datasets/sports/NFL/raw_data/play_by_play/injuries/injuries__2015.csv.
2024-08-09 16:32:38 - INFO - Successfully saved data to /Users/dougstrouth/Documents/Code/datasets/sports/NFL/raw_data/play_by_play/injuries/injuries__2016.csv.
2024-08-09 16:32:39 - INFO - Successfully saved data to /Users/dougstrouth/Documents/Code/datasets/sports/NFL/raw_data/play_by_play/injuries/injuries__2017.csv.
2024-08-09 16:32:40 - INFO - Successfully saved data to /Users/dougstrouth/Documents/Code/datasets/sports/NFL/raw_data/play_by_play/injuries/injuries__2018.csv.
2024-08-09 16:32:40 - INFO - Successfully saved data to /Users/dougstrouth/Documents/Code/datasets/sports/NFL/raw_data/play_by_play/injuries/injuries__2019.csv.
2024-08-09 16:32:41 - INFO - Successfully saved data to /Users/dougstrouth/Documents/Code/datasets/sports/NFL/raw_data/play_by_play/injuries/injuries__2020.csv.
2024-08-09 16:32:41 - INFO - Successfully saved data to /Users/dougstrouth/Documents/Code/datasets/sports/NFL/raw_data/play_by_play/injuries/injuries__2021.csv.
2024-08-09 16:32:42 - INFO - Successfully saved data to /Users/dougstrouth/Documents/Code/datasets/sports/NFL/raw_data/play_by_play/injuries/injuries__2022.csv.
2024-08-09 16:32:43 - INFO - Successfully saved data to /Users/dougstrouth/Documents/Code/datasets/sports/NFL/raw_data/play_by_play/injuries/injuries__2023.csv.
2024-08-09 16:32:43 - INFO - Successfully saved data to /Users/dougstrouth/Documents/Code/datasets/sports/NFL/raw_data/play_by_play/qbr/qbr__2007.csv.
2024-08-09 16:32:43 - INFO - Successfully saved data to /Users/dougstrouth/Documents/Code/datasets/sports/NFL/raw_data/play_by_play/qbr/qbr__2008.csv.
2024-08-09 16:32:43 - INFO - Successfully saved data to /Users/dougstrouth/Documents/Code/datasets/sports/NFL/raw_data/play_by_play/qbr/qbr__2009.csv.
2024-08-09 16:32:43 - INFO - Successfully saved data to /Users/dougstrouth/Documents/Code/datasets/sports/NFL/raw_data/play_by_play/qbr/qbr__2010.csv.
2024-08-09 16:32:44 - INFO - Successfully saved data to /Users/dougstrouth/Documents/Code/datasets/sports/NFL/raw_data/play_by_play/qbr/qbr__2011.csv.
2024-08-09 16:32:44 - INFO - Successfully saved data to /Users/dougstrouth/Documents/Code/datasets/sports/NFL/raw_data/play_by_play/qbr/qbr__2012.csv.
2024-08-09 16:32:44 - INFO - Successfully saved data to /Users/dougstrouth/Documents/Code/datasets/sports/NFL/raw_data/play_by_play/qbr/qbr__2013.csv.
2024-08-09 16:32:44 - INFO - Successfully saved data to /Users/dougstrouth/Documents/Code/datasets/sports/NFL/raw_data/play_by_play/qbr/qbr__2014.csv.
2024-08-09 16:32:44 - INFO - Successfully saved data to /Users/dougstrouth/Documents/Code/datasets/sports/NFL/raw_data/play_by_play/qbr/qbr__2015.csv.
2024-08-09 16:32:44 - INFO - Successfully saved data to /Users/dougstrouth/Documents/Code/datasets/sports/NFL/raw_data/play_by_play/qbr/qbr__2016.csv.
2024-08-09 16:32:44 - INFO - Successfully saved data to /Users/dougstrouth/Documents/Code/datasets/sports/NFL/raw_data/play_by_play/qbr/qbr__2017.csv.
2024-08-09 16:32:45 - INFO - Successfully saved data to /Users/dougstrouth/Documents/Code/datasets/sports/NFL/raw_data/play_by_play/qbr/qbr__2018.csv.
2024-08-09 16:32:45 - INFO - Successfully saved data to /Users/dougstrouth/Documents/Code/datasets/sports/NFL/raw_data/play_by_play/qbr/qbr__2019.csv.
2024-08-09 16:32:45 - INFO - Successfully saved data to /Users/dougstrouth/Documents/Code/datasets/sports/NFL/raw_data/play_by_play/qbr/qbr__2020.csv.
2024-08-09 16:32:45 - INFO - Successfully saved data to /Users/dougstrouth/Documents/Code/datasets/sports/NFL/raw_data/play_by_play/qbr/qbr__2021.csv.
2024-08-09 16:32:45 - INFO - Successfully saved data to /Users/dougstrouth/Documents/Code/datasets/sports/NFL/raw_data/play_by_play/qbr/qbr__2022.csv.
2024-08-09 16:33:20 - ERROR - ValueError occurred: cannot reindex on an axis with duplicate labels
2024-08-09 16:34:35 - ERROR - ValueError occurred: cannot reindex on an axis with duplicate labels
2024-08-09 16:37:34 - ERROR - ValueError occurred: cannot reindex on an axis with duplicate labels
2024-08-09 16:39:17 - ERROR - ValueError occurred: cannot reindex on an axis with duplicate labels
2024-08-09 16:39:50 - ERROR - ValueError occurred: cannot reindex on an axis with duplicate labels
2024-08-09 16:48:14 - INFO - Fetching data for year 2010...
2024-08-09 16:48:15 - DEBUG - Data for year 2010 fetched successfully.
2024-08-09 16:48:15 - INFO - Data for year 2010 processed and appended.
2024-08-09 16:48:15 - INFO - Fetching data for year 2011...
2024-08-09 16:48:16 - DEBUG - Data for year 2011 fetched successfully.
2024-08-09 16:48:16 - INFO - Data for year 2011 processed and appended.
2024-08-09 16:48:16 - INFO - Fetching data for year 2012...
2024-08-09 16:48:18 - DEBUG - Data for year 2012 fetched successfully.
2024-08-09 16:48:18 - INFO - Data for year 2012 processed and appended.
2024-08-09 16:48:18 - INFO - Fetching data for year 2013...
2024-08-09 16:48:19 - DEBUG - Data for year 2013 fetched successfully.
2024-08-09 16:48:19 - INFO - Data for year 2013 processed and appended.
2024-08-09 16:48:19 - INFO - Fetching data for year 2014...
2024-08-09 16:48:20 - DEBUG - Data for year 2014 fetched successfully.
2024-08-09 16:48:20 - INFO - Data for year 2014 processed and appended.
2024-08-09 16:48:20 - INFO - Fetching data for year 2015...
2024-08-09 16:48:22 - DEBUG - Data for year 2015 fetched successfully.
2024-08-09 16:48:22 - INFO - Data for year 2015 processed and appended.
2024-08-09 16:48:22 - INFO - Fetching data for year 2016...
2024-08-09 16:48:23 - DEBUG - Data for year 2016 fetched successfully.
2024-08-09 16:48:23 - INFO - Data for year 2016 processed and appended.
2024-08-09 16:48:23 - INFO - Fetching data for year 2017...
2024-08-09 16:48:24 - DEBUG - Data for year 2017 fetched successfully.
2024-08-09 16:48:24 - INFO - Data for year 2017 processed and appended.
2024-08-09 16:48:24 - INFO - Fetching data for year 2018...
2024-08-09 16:48:26 - DEBUG - Data for year 2018 fetched successfully.
2024-08-09 16:48:26 - INFO - Data for year 2018 processed and appended.
2024-08-09 16:48:26 - INFO - Fetching data for year 2019...
2024-08-09 16:48:27 - DEBUG - Data for year 2019 fetched successfully.
2024-08-09 16:48:27 - INFO - Data for year 2019 processed and appended.
2024-08-09 16:48:27 - INFO - Fetching data for year 2020...
2024-08-09 16:48:28 - DEBUG - Data for year 2020 fetched successfully.
2024-08-09 16:48:28 - INFO - Data for year 2020 processed and appended.
2024-08-09 16:48:28 - INFO - Fetching data for year 2021...
2024-08-09 16:48:30 - DEBUG - Data for year 2021 fetched successfully.
2024-08-09 16:48:30 - INFO - Data for year 2021 processed and appended.
2024-08-09 16:48:30 - INFO - Fetching data for year 2022...
2024-08-09 16:48:31 - DEBUG - Data for year 2022 fetched successfully.
2024-08-09 16:48:31 - INFO - Data for year 2022 processed and appended.
2024-08-09 16:48:31 - INFO - Fetching data for year 2023...
2024-08-09 16:48:32 - DEBUG - Data for year 2023 fetched successfully.
2024-08-09 16:48:32 - INFO - Data for year 2023 processed and appended.
2024-08-09 16:48:32 - DEBUG - DataFrames concatenated successfully.
2024-08-09 16:48:37 - INFO - Successfully saved data to /Users/dougstrouth/Documents/Code/datasets/sports/NFL/raw_data/play_by_play/weekly_rosters/weekly_rosters__2010_2023.csv.
2024-08-09 16:48:37 - INFO - Combined data saved to CSV successfully.
